0 info it worked if it ends with ok
1 verbose cli [ 'node', '/usr/local/bin/npm', 'install', 'node-sass', '-g' ]
2 info using npm@1.4.28
3 info using node@v0.10.32
4 verbose cache add [ 'node-sass', null ]
5 verbose cache add name=undefined spec="node-sass" args=["node-sass",null]
6 verbose parsed url { protocol: null,
6 verbose parsed url   slashes: null,
6 verbose parsed url   auth: null,
6 verbose parsed url   host: null,
6 verbose parsed url   port: null,
6 verbose parsed url   hostname: null,
6 verbose parsed url   hash: null,
6 verbose parsed url   search: null,
6 verbose parsed url   query: null,
6 verbose parsed url   pathname: 'node-sass',
6 verbose parsed url   path: 'node-sass',
6 verbose parsed url   href: 'node-sass' }
7 silly lockFile 9209a311-node-sass node-sass
8 verbose lock node-sass /Users/naomigaynor/.npm/9209a311-node-sass.lock
9 silly lockFile 9209a311-node-sass node-sass
10 silly lockFile 9209a311-node-sass node-sass
11 verbose addNamed [ 'node-sass', '' ]
12 verbose addNamed [ null, '*' ]
13 silly lockFile 8df65bd4-node-sass node-sass@
14 verbose lock node-sass@ /Users/naomigaynor/.npm/8df65bd4-node-sass.lock
15 silly addNameRange { name: 'node-sass', range: '*', hasData: false }
16 verbose request where is /node-sass
17 verbose request registry https://registry.npmjs.org/
18 verbose request id 8c54fc33119f7070
19 verbose url raw /node-sass
20 verbose url resolving [ 'https://registry.npmjs.org/', './node-sass' ]
21 verbose url resolved https://registry.npmjs.org/node-sass
22 verbose request where is https://registry.npmjs.org/node-sass
23 info trying registry request attempt 1 at 13:16:07
24 verbose etag "7TSGA842S2MHBIADJIKC0XSJN"
25 http GET https://registry.npmjs.org/node-sass
26 http 200 https://registry.npmjs.org/node-sass
27 silly registry.get cb [ 200,
27 silly registry.get   { date: 'Fri, 27 Mar 2015 13:16:07 GMT',
27 silly registry.get     server: 'CouchDB/1.5.0 (Erlang OTP/R16B03)',
27 silly registry.get     etag: '"3QDD8LXSA05OIA6QGO3IW766M"',
27 silly registry.get     'content-type': 'application/json',
27 silly registry.get     'cache-control': 'max-age=60',
27 silly registry.get     'content-length': '113833',
27 silly registry.get     'accept-ranges': 'bytes',
27 silly registry.get     via: '1.1 varnish',
27 silly registry.get     age: '0',
27 silly registry.get     'x-served-by': 'cache-lhr6332-LHR',
27 silly registry.get     'x-cache': 'HIT',
27 silly registry.get     'x-cache-hits': '1',
27 silly registry.get     'x-timer': 'S1427462167.621267,VS0,VE89',
27 silly registry.get     vary: 'Accept',
27 silly registry.get     'keep-alive': 'timeout=10, max=50',
27 silly registry.get     connection: 'Keep-Alive' } ]
28 silly addNameRange number 2 { name: 'node-sass', range: '*', hasData: true }
29 silly addNameRange versions [ 'node-sass',
29 silly addNameRange   [ '0.2.0',
29 silly addNameRange     '0.2.1',
29 silly addNameRange     '0.2.2',
29 silly addNameRange     '0.2.3',
29 silly addNameRange     '0.2.4',
29 silly addNameRange     '0.2.5',
29 silly addNameRange     '0.2.6',
29 silly addNameRange     '0.3.0',
29 silly addNameRange     '0.4.0',
29 silly addNameRange     '0.4.1',
29 silly addNameRange     '0.4.2',
29 silly addNameRange     '0.4.3',
29 silly addNameRange     '0.4.4',
29 silly addNameRange     '0.5.0',
29 silly addNameRange     '0.5.1',
29 silly addNameRange     '0.5.2',
29 silly addNameRange     '0.5.3',
29 silly addNameRange     '0.5.4',
29 silly addNameRange     '0.6.0',
29 silly addNameRange     '0.6.1',
29 silly addNameRange     '0.6.2',
29 silly addNameRange     '0.6.3',
29 silly addNameRange     '0.6.4',
29 silly addNameRange     '0.6.5',
29 silly addNameRange     '0.6.6',
29 silly addNameRange     '0.6.7',
29 silly addNameRange     '0.7.0-alpha',
29 silly addNameRange     '0.7.0',
29 silly addNameRange     '0.8.0',
29 silly addNameRange     '0.8.1',
29 silly addNameRange     '0.8.2',
29 silly addNameRange     '0.8.3',
29 silly addNameRange     '0.8.4',
29 silly addNameRange     '0.8.5',
29 silly addNameRange     '0.8.6',
29 silly addNameRange     '0.9.0',
29 silly addNameRange     '0.9.1',
29 silly addNameRange     '0.9.2',
29 silly addNameRange     '0.9.3',
29 silly addNameRange     '0.9.4-rc1',
29 silly addNameRange     '0.9.4',
29 silly addNameRange     '0.9.5-rc1',
29 silly addNameRange     '0.9.5',
29 silly addNameRange     '0.9.6',
29 silly addNameRange     '1.0.0',
29 silly addNameRange     '1.0.1',
29 silly addNameRange     '1.0.2-alpha',
29 silly addNameRange     '1.0.2',
29 silly addNameRange     '1.0.3',
29 silly addNameRange     '1.1.0',
29 silly addNameRange     '1.1.1',
29 silly addNameRange     '1.1.2',
29 silly addNameRange     '1.1.3',
29 silly addNameRange     '1.1.4',
29 silly addNameRange     '1.2.0',
29 silly addNameRange     '1.2.1',
29 silly addNameRange     '1.2.2',
29 silly addNameRange     '1.2.3',
29 silly addNameRange     '2.0.0-beta',
29 silly addNameRange     '2.0.0',
29 silly addNameRange     '2.0.1',
29 silly addNameRange     '3.0.0-pre',
29 silly addNameRange     '3.0.0-alpha.0',
29 silly addNameRange     '3.0.0-beta.2',
29 silly addNameRange     '3.0.0-beta.3',
29 silly addNameRange     '3.0.0-beta.4' ] ]
30 verbose addNamed [ 'node-sass', '2.0.1' ]
31 verbose addNamed [ '2.0.1', '2.0.1' ]
32 silly lockFile 57981437-node-sass-2-0-1 node-sass@2.0.1
33 verbose lock node-sass@2.0.1 /Users/naomigaynor/.npm/57981437-node-sass-2-0-1.lock
34 silly lockFile 57981437-node-sass-2-0-1 node-sass@2.0.1
35 silly lockFile 57981437-node-sass-2-0-1 node-sass@2.0.1
36 silly lockFile 8df65bd4-node-sass node-sass@
37 silly lockFile 8df65bd4-node-sass node-sass@
38 silly resolved [ { name: 'node-sass',
38 silly resolved     version: '2.0.1',
38 silly resolved     libsass: '3.1.0',
38 silly resolved     description: 'Wrapper around libsass',
38 silly resolved     license: 'MIT',
38 silly resolved     homepage: 'https://github.com/sass/node-sass',
38 silly resolved     repository: { type: 'git', url: 'https://github.com/sass/node-sass' },
38 silly resolved     author:
38 silly resolved      { name: 'Andrew Nesbitt',
38 silly resolved        email: 'andrewnez@gmail.com',
38 silly resolved        url: 'http://andrew.github.com' },
38 silly resolved     engines: { node: '>=0.10.0' },
38 silly resolved     main: 'lib/index.js',
38 silly resolved     bin: { 'node-sass': 'bin/node-sass' },
38 silly resolved     gypfile: true,
38 silly resolved     scripts:
38 silly resolved      { coverage: 'node scripts/coverage.js',
38 silly resolved        install: 'node scripts/install.js',
38 silly resolved        postinstall: 'node scripts/build.js',
38 silly resolved        pretest: 'jshint bin lib test',
38 silly resolved        test: 'mocha test' },
38 silly resolved     files: [ 'bin', 'binding.gyp', 'lib', 'scripts', 'src', 'test' ],
38 silly resolved     keywords: [ 'css', 'libsass', 'preprocessor', 'sass', 'scss', 'style' ],
38 silly resolved     dependencies:
38 silly resolved      { chalk: '^0.5.1',
38 silly resolved        'cross-spawn': '^0.2.6',
38 silly resolved        gaze: '^0.5.1',
38 silly resolved        'get-stdin': '^4.0.1',
38 silly resolved        meow: '^3.0.0',
38 silly resolved        mkdirp: '^0.5.0',
38 silly resolved        mocha: '^2.1.0',
38 silly resolved        nan: '^1.6.2',
38 silly resolved        npmconf: '^2.1.1',
38 silly resolved        'object-assign': '^2.0.0',
38 silly resolved        'replace-ext': '0.0.1',
38 silly resolved        request: '^2.53.0',
38 silly resolved        'sass-graph': '^1.0.3',
38 silly resolved        semver: '^4.2.2',
38 silly resolved        shelljs: '^0.3.0' },
38 silly resolved     devDependencies:
38 silly resolved      { coveralls: '^2.11.2',
38 silly resolved        jscoverage: '^0.5.9',
38 silly resolved        jshint: '^2.6.0',
38 silly resolved        'mocha-lcov-reporter': '^0.0.1',
38 silly resolved        pangyp: '^2.1.0' },
38 silly resolved     gitHead: '5bff1c73369aa37dd543c2d760952b1275f23c85',
38 silly resolved     bugs: { url: 'https://github.com/sass/node-sass/issues' },
38 silly resolved     _id: 'node-sass@2.0.1',
38 silly resolved     _shasum: '28101ce16fae0584bea95242b400b2cc1d958b83',
38 silly resolved     _from: 'node-sass@',
38 silly resolved     _npmVersion: '2.5.1',
38 silly resolved     _nodeVersion: '1.2.0',
38 silly resolved     _npmUser: { name: 'am11', email: 'adeelbm@outlook.com' },
38 silly resolved     maintainers: [ [Object], [Object], [Object], [Object], [Object] ],
38 silly resolved     dist:
38 silly resolved      { shasum: '28101ce16fae0584bea95242b400b2cc1d958b83',
38 silly resolved        tarball: 'http://registry.npmjs.org/node-sass/-/node-sass-2.0.1.tgz' },
38 silly resolved     directories: {},
38 silly resolved     _resolved: 'https://registry.npmjs.org/node-sass/-/node-sass-2.0.1.tgz',
38 silly resolved     readme: 'ERROR: No README data found!' } ]
39 info install node-sass@2.0.1 into /usr/local/lib
40 info installOne node-sass@2.0.1
41 verbose lib/node_modules/node-sass unbuild
42 verbose tar unpack /Users/naomigaynor/.npm/node-sass/2.0.1/package.tgz
43 silly lockFile 086d0938-local-lib-node-modules-node-sass tar:///usr/local/lib/node_modules/node-sass
44 verbose lock tar:///usr/local/lib/node_modules/node-sass /Users/naomigaynor/.npm/086d0938-local-lib-node-modules-node-sass.lock
45 silly lockFile 1dac4d6c--npm-node-sass-2-0-1-package-tgz tar:///Users/naomigaynor/.npm/node-sass/2.0.1/package.tgz
46 verbose lock tar:///Users/naomigaynor/.npm/node-sass/2.0.1/package.tgz /Users/naomigaynor/.npm/1dac4d6c--npm-node-sass-2-0-1-package-tgz.lock
47 silly gunzTarPerm modes [ '755', '644' ]
48 error Error: EACCES, mkdir '/usr/local/lib/node_modules/node-sass'
48 error  { [Error: EACCES, mkdir '/usr/local/lib/node_modules/node-sass']
48 error   errno: 3,
48 error   code: 'EACCES',
48 error   path: '/usr/local/lib/node_modules/node-sass',
48 error   fstream_type: 'Directory',
48 error   fstream_path: '/usr/local/lib/node_modules/node-sass',
48 error   fstream_class: 'DirWriter',
48 error   fstream_stack:
48 error    [ '/usr/local/lib/node_modules/npm/node_modules/fstream/lib/dir-writer.js:36:23',
48 error      '/usr/local/lib/node_modules/npm/node_modules/mkdirp/index.js:46:53',
48 error      'Object.oncomplete (fs.js:107:15)' ] }
49 error Please try running this command again as root/Administrator.
50 error System Darwin 14.0.0
51 error command "node" "/usr/local/bin/npm" "install" "node-sass" "-g"
52 error cwd /Users/naomigaynor/Desktop/founders-and-coders-projects/isaacs-portfolio
53 error node -v v0.10.32
54 error npm -v 1.4.28
55 error path /usr/local/lib/node_modules/node-sass
56 error fstream_path /usr/local/lib/node_modules/node-sass
57 error fstream_type Directory
58 error fstream_class DirWriter
59 error code EACCES
60 error errno 3
61 error stack Error: EACCES, mkdir '/usr/local/lib/node_modules/node-sass'
62 error fstream_stack /usr/local/lib/node_modules/npm/node_modules/fstream/lib/dir-writer.js:36:23
62 error fstream_stack /usr/local/lib/node_modules/npm/node_modules/mkdirp/index.js:46:53
62 error fstream_stack Object.oncomplete (fs.js:107:15)
63 verbose exit [ 3, true ]
